#
# There is insufficient memory for the Java Runtime Environment to continue.
# Native memory allocation (malloc) failed to allocate 32784 bytes for Chunk::new
# Possible reasons:
#   The system is out of physical RAM or swap space
#   In 32 bit mode, the process size limit was hit
# Possible solutions:
#   Reduce memory load on the system
#   Increase physical memory or swap space
#   Check if swap backing store is full
#   Use 64 bit Java on a 64 bit OS
#   Decrease Java heap size (-Xmx/-Xms)
#   Decrease number of Java threads
#   Decrease Java thread stack sizes (-Xss)
#   Set larger code cache with -XX:ReservedCodeCacheSize=
# This output file may be truncated or incomplete.
#
#  Out of Memory Error (allocation.cpp:390), pid=256, tid=0x0000000000002fd4
#
# JRE version: OpenJDK Runtime Environment (8.0_152-b01) (build 1.8.0_152-release-915-b01)
# Java VM: OpenJDK 64-Bit Server VM (25.152-b01 mixed mode windows-amd64 compressed oops)
# Failed to write core dump. Minidumps are not enabled by default on client versions of Windows
#

---------------  T H R E A D  ---------------

Current thread (0x000000001a343000):  JavaThread "C2 CompilerThread0" daemon [_thread_in_native, id=12244, stack(0x000000001ab00000,0x000000001ac00000)]

Stack: [0x000000001ab00000,0x000000001ac00000]
[error occurred during error reporting (printing stack bounds), id 0xc0000005]

Native frames: (J=compiled Java code, j=interpreted, Vv=VM code, C=native code)


Current CompileTask:
C2:2443486 17922       4       com.sun.org.apache.xerces.internal.parsers.AbstractDOMParser::startElement (876 bytes)


---------------  P R O C E S S  ---------------

Java Threads: ( => current thread )
  0x0000000022476800 JavaThread "Cache worker for Artifact transforms cache (D:\systems\.gradle\caches\transforms-1)" [_thread_blocked, id=9808, stack(0x0000000042d10000,0x0000000042e10000)]
  0x0000000022476000 JavaThread "Cache worker for file hash cache (D:\android\androidExample\Helloword\.gradle\4.1\fileHashes)" [_thread_blocked, id=6908, stack(0x0000000042c10000,0x0000000042d10000)]
  0x0000000022477800 JavaThread "Stdin handler" [_thread_blocked, id=7592, stack(0x0000000042b10000,0x0000000042c10000)]
  0x000000002247a800 JavaThread "Asynchronous log dispatcher for DefaultDaemonConnection: socket connection from /127.0.0.1:2949 to /127.0.0.1:3473" [_thread_blocked, id=9488, stack(0x0000000042a10000,0x0000000042b10000)]
  0x0000000022470800 JavaThread "Daemon worker Thread 4" [_thread_in_Java, id=11820, stack(0x0000000042910000,0x0000000042a10000)]
  0x0000000022474800 JavaThread "Cancel handler" [_thread_blocked, id=3932, stack(0x0000000042810000,0x0000000042910000)]
  0x0000000022470000 JavaThread "Handler for socket connection from /127.0.0.1:2949 to /127.0.0.1:3473" [_thread_in_native, id=12424, stack(0x0000000042710000,0x0000000042810000)]
  0x0000000022473800 JavaThread "Daemon Thread 4" [_thread_blocked, id=1844, stack(0x0000000042610000,0x0000000042710000)]
  0x0000000021f04800 JavaThread "RMI Reaper" [_thread_blocked, id=12416, stack(0x000000002b810000,0x000000002b910000)]
  0x0000000021f05800 JavaThread "RMI TCP Accept-0" daemon [_thread_in_native, id=10904, stack(0x000000002b710000,0x000000002b810000)]
  0x0000000021f00000 JavaThread "GC Daemon" daemon [_thread_blocked, id=1540, stack(0x000000002b610000,0x000000002b710000)]
  0x0000000021f01800 JavaThread "RMI Scheduler(0)" daemon [_thread_blocked, id=13184, stack(0x000000002b410000,0x000000002b510000)]
  0x0000000022473000 JavaThread "Memory manager" [_thread_blocked, id=5908, stack(0x0000000024d90000,0x0000000024e90000)]
  0x000000001c0f0800 JavaThread "File lock request listener" [_thread_in_native, id=3876, stack(0x000000001eb20000,0x000000001ec20000)]
  0x000000001c0f0000 JavaThread "Cache worker for file hash cache (D:\systems\.gradle\caches\4.1\fileHashes)" [_thread_blocked, id=11268, stack(0x000000001ea20000,0x000000001eb20000)]
  0x000000001be59000 JavaThread "Daemon periodic checks" [_thread_blocked, id=8516, stack(0x000000001e020000,0x000000001e120000)]
  0x000000001cac0000 JavaThread "Incoming local TCP Connector on port 2949" [_thread_in_native, id=832, stack(0x000000001dde0000,0x000000001dee0000)]
  0x000000001a3bb800 JavaThread "Service Thread" daemon [_thread_blocked, id=8356, stack(0x000000001af00000,0x000000001b000000)]
  0x000000001a394000 JavaThread "C1 CompilerThread3" daemon [_thread_in_vm, id=7672, stack(0x000000001ae00000,0x000000001af00000)]
  0x000000001842b800 JavaThread "C2 CompilerThread2" daemon [_thread_in_native, id=936, stack(0x000000001ad00000,0x000000001ae00000)]
  0x000000001a349000 JavaThread "C2 CompilerThread1" daemon [_thread_in_native, id=13156, stack(0x000000001ac00000,0x000000001ad00000)]
=>0x000000001a343000 JavaThread "C2 CompilerThread0" daemon [_thread_in_native, id=12244, stack(0x000000001ab00000,0x000000001ac00000)]
  0x000000001a341000 JavaThread "Attach Listener" daemon [_thread_blocked, id=7764, stack(0x000000001aa00000,0x000000001ab00000)]
  0x000000001a391800 JavaThread "Signal Dispatcher" daemon [_thread_blocked, id=9940, stack(0x000000001a900000,0x000000001aa00000)]
  0x0000000004659800 JavaThread "Finalizer" daemon [_thread_blocked, id=12720, stack(0x000000001a710000,0x000000001a810000)]
  0x000000001841b800 JavaThread "Reference Handler" daemon [_thread_blocked, id=3044, stack(0x000000001a210000,0x000000001a310000)]
  0x000000000439e800 JavaThread "main" [_thread_blocked, id=8504, stack(0x0000000004460000,0x0000000004560000)]

Other Threads:
  0x0000000018415800 VMThread [stack: 0x000000001a110000,0x000000001a210000] [id=12000]
  0x000000001a3bc000 WatcherThread [stack: 0x000000001b000000,0x000000001b100000] [id=8424]

VM state:not at safepoint (normal execution)

VM Mutex/Monitor currently owned by a thread: None

Heap:
 PSYoungGen      total 394752K, used 223746K [0x00000000e0000000, 0x00000000fbc00000, 0x0000000100000000)
  eden space 347136K, 62% used [0x00000000e0000000,0x00000000ed486c20,0x00000000f5300000)
  from space 47616K, 12% used [0x00000000f8d80000,0x00000000f9379dd8,0x00000000fbc00000)
  to   space 53760K, 0% used [0x00000000f5300000,0x00000000f5300000,0x00000000f8780000)
 ParOldGen       total 161280K, used 98087K [0x00000000a0000000, 0x00000000a9d80000, 0x00000000e0000000)
  object space 161280K, 60% used [0x00000000a0000000,0x00000000a5fc9d70,0x00000000a9d80000)
 Metaspace       used 94499K, capacity 98936K, committed 99288K, reserved 1136640K
  class space    used 11993K, capacity 12904K, committed 13056K, reserved 1048576K

Card table byte_map: [0x0000000013a20000,0x0000000013d30000] byte_map_base: 0x0000000013520000

Marking Bits: (ParMarkBitMap*) 0x0000000069023950
 Begin Bits: [0x0000000014730000, 0x0000000015f30000)
 End Bits:   [0x0000000015f30000, 0x0000000017730000)

Polling page: 0x0000000002710000

CodeCache: size=245760Kb used=48033Kb max_used=48043Kb free=197726Kb
 bounds [0x0000000004660000, 0x00000000075a0000, 0x0000000013660000]
 total_blobs=15225 nmethods=14355 adapters=782
 compilation: enabled

Compilation events (10 events):
Event: 2443.086 Thread 0x000000001a343000 nmethod 17915% 0x000000000758f810 code [0x000000000758fb20, 0x0000000007591348]
Event: 2443.086 Thread 0x000000001a343000 17921       4       com.sun.org.apache.xerces.internal.dom.DeferredDocumentImpl::getNodeObject (510 bytes)
Event: 2443.094 Thread 0x000000001a343000 nmethod 17921 0x00000000074e6090 code [0x00000000074e6360, 0x00000000074e6e38]
Event: 2443.094 Thread 0x000000001a343000 17922       4       com.sun.org.apache.xerces.internal.parsers.AbstractDOMParser::startElement (876 bytes)
Event: 2443.097 Thread 0x000000001a394000 17924       1       com.sun.org.apache.xerces.internal.parsers.AbstractXMLDocumentParser::setDocumentSource (6 bytes)
Event: 2443.097 Thread 0x000000001a394000 nmethod 17924 0x0000000006351510 code [0x0000000006351660, 0x0000000006351790]
Event: 2443.099 Thread 0x000000001a394000 17925       1       com.sun.org.apache.xerces.internal.xni.parser.XMLInputSource::setByteStream (6 bytes)
Event: 2443.100 Thread 0x000000001a394000 nmethod 17925 0x00000000074e9310 code [0x00000000074e9460, 0x00000000074e9590]
Event: 2443.100 Thread 0x000000001a394000 17926       1       com.sun.org.apache.xerces.internal.impl.XMLDTDScannerImpl::setScannerState (6 bytes)
Event: 2443.100 Thread 0x000000001a394000 nmethod 17926 0x00000000074e9050 code [0x00000000074e91a0, 0x00000000074e92b0]

GC Heap History (10 events):
Event: 1556.299 GC heap before
{Heap before GC invocations=24 (full 3):
 PSYoungGen      total 321536K, used 276887K [0x00000000e0000000, 0x00000000f8a00000, 0x0000000100000000)
  eden space 264192K, 99% used [0x00000000e0000000,0x00000000f0104700,0x00000000f0200000)
  from space 57344K, 23% used [0x00000000f3900000,0x00000000f4661868,0x00000000f7100000)
  to   space 56320K, 0% used [0x00000000f0200000,0x00000000f0200000,0x00000000f3900000)
 ParOldGen       total 161280K, used 101685K [0x00000000a0000000, 0x00000000a9d80000, 0x00000000e0000000)
  object space 161280K, 63% used [0x00000000a0000000,0x00000000a634d4c0,0x00000000a9d80000)
 Metaspace       used 92239K, capacity 96724K, committed 96856K, reserved 1134592K
  class space    used 11770K, capacity 12666K, committed 12672K, reserved 1048576K
Event: 1556.313 GC heap after
Heap after GC invocations=24 (full 3):
 PSYoungGen      total 320512K, used 9514K [0x00000000e0000000, 0x00000000fc380000, 0x0000000100000000)
  eden space 264192K, 0% used [0x00000000e0000000,0x00000000e0000000,0x00000000f0200000)
  from space 56320K, 16% used [0x00000000f0200000,0x00000000f0b4a948,0x00000000f3900000)
  to   space 55296K, 0% used [0x00000000f8d80000,0x00000000f8d80000,0x00000000fc380000)
 ParOldGen       total 161280K, used 126645K [0x00000000a0000000, 0x00000000a9d80000, 0x00000000e0000000)
  object space 161280K, 78% used [0x00000000a0000000,0x00000000a7bad6d8,0x00000000a9d80000)
 Metaspace       used 92239K, capacity 96724K, committed 96856K, reserved 1134592K
  class space    used 11770K, capacity 12666K, committed 12672K, reserved 1048576K
}
Event: 1560.877 GC heap before
{Heap before GC invocations=25 (full 3):
 PSYoungGen      total 320512K, used 273706K [0x00000000e0000000, 0x00000000fc380000, 0x0000000100000000)
  eden space 264192K, 100% used [0x00000000e0000000,0x00000000f0200000,0x00000000f0200000)
  from space 56320K, 16% used [0x00000000f0200000,0x00000000f0b4a948,0x00000000f3900000)
  to   space 55296K, 0% used [0x00000000f8d80000,0x00000000f8d80000,0x00000000fc380000)
 ParOldGen       total 161280K, used 126645K [0x00000000a0000000, 0x00000000a9d80000, 0x00000000e0000000)
  object space 161280K, 78% used [0x00000000a0000000,0x00000000a7bad6d8,0x00000000a9d80000)
 Metaspace       used 93233K, capacity 97704K, committed 98008K, reserved 1134592K
  class space    used 11859K, capacity 12748K, committed 12800K, reserved 1048576K
Event: 1560.887 GC heap after
Heap after GC invocations=25 (full 3):
 PSYoungGen      total 394752K, used 12114K [0x00000000e0000000, 0x00000000fbc00000, 0x0000000100000000)
  eden space 347136K, 0% used [0x00000000e0000000,0x00000000e0000000,0x00000000f5300000)
  from space 47616K, 25% used [0x00000000f8d80000,0x00000000f9954bd0,0x00000000fbc00000)
  to   space 53760K, 0% used [0x00000000f5300000,0x00000000f5300000,0x00000000f8780000)
 ParOldGen       total 161280K, used 127103K [0x00000000a0000000, 0x00000000a9d80000, 0x00000000e0000000)
  object space 161280K, 78% used [0x00000000a0000000,0x00000000a7c1fc08,0x00000000a9d80000)
 Metaspace       used 93233K, capacity 97704K, committed 98008K, reserved 1134592K
  class space    used 11859K, capacity 12748K, committed 12800K, reserved 1048576K
}
Event: 1561.920 GC heap before
{Heap before GC invocations=26 (full 3):
 PSYoungGen      total 394752K, used 359250K [0x00000000e0000000, 0x00000000fbc00000, 0x0000000100000000)
  eden space 347136K, 100% used [0x00000000e0000000,0x00000000f5300000,0x00000000f5300000)
  from space 47616K, 25% used [0x00000000f8d80000,0x00000000f9954bd0,0x00000000fbc00000)
  to   space 53760K, 0% used [0x00000000f5300000,0x00000000f5300000,0x00000000f8780000)
 ParOldGen       total 161280K, used 127103K [0x00000000a0000000, 0x00000000a9d80000, 0x00000000e0000000)
  object space 161280K, 78% used [0x00000000a0000000,0x00000000a7c1fc08,0x00000000a9d80000)
 Metaspace       used 93553K, capacity 98070K, committed 98264K, reserved 1134592K
  class space    used 11871K, capacity 12783K, committed 12800K, reserved 1048576K
Event: 1561.957 GC heap after
Heap after GC invocations=26 (full 3):
 PSYoungGen      total 400896K, used 53755K [0x00000000e0000000, 0x00000000fbc00000, 0x0000000100000000)
  eden space 347136K, 0% used [0x00000000e0000000,0x00000000e0000000,0x00000000f5300000)
  from space 53760K, 99% used [0x00000000f5300000,0x00000000f877ec90,0x00000000f8780000)
  to   space 47616K, 0% used [0x00000000f8d80000,0x00000000f8d80000,0x00000000fbc00000)
 ParOldGen       total 161280K, used 140343K [0x00000000a0000000, 0x00000000a9d80000, 0x00000000e0000000)
  object space 161280K, 87% used [0x00000000a0000000,0x00000000a890de80,0x00000000a9d80000)
 Metaspace       used 93553K, capacity 98070K, committed 98264K, reserved 1134592K
  class space    used 11871K, capacity 12783K, committed 12800K, reserved 1048576K
}
Event: 1561.957 GC heap before
{Heap before GC invocations=27 (full 4):
 PSYoungGen      total 400896K, used 53755K [0x00000000e0000000, 0x00000000fbc00000, 0x0000000100000000)
  eden space 347136K, 0% used [0x00000000e0000000,0x00000000e0000000,0x00000000f5300000)
  from space 53760K, 99% used [0x00000000f5300000,0x00000000f877ec90,0x00000000f8780000)
  to   space 47616K, 0% used [0x00000000f8d80000,0x00000000f8d80000,0x00000000fbc00000)
 ParOldGen       total 161280K, used 140343K [0x00000000a0000000, 0x00000000a9d80000, 0x00000000e0000000)
  object space 161280K, 87% used [0x00000000a0000000,0x00000000a890de80,0x00000000a9d80000)
 Metaspace       used 93553K, capacity 98070K, committed 98264K, reserved 1134592K
  class space    used 11871K, capacity 12783K, committed 12800K, reserved 1048576K
Event: 1562.124 GC heap after
Heap after GC invocations=27 (full 4):
 PSYoungGen      total 400896K, used 0K [0x00000000e0000000, 0x00000000fbc00000, 0x0000000100000000)
  eden space 347136K, 0% used [0x00000000e0000000,0x00000000e0000000,0x00000000f5300000)
  from space 53760K, 0% used [0x00000000f5300000,0x00000000f5300000,0x00000000f8780000)
  to   space 47616K, 0% used [0x00000000f8d80000,0x00000000f8d80000,0x00000000fbc00000)
 ParOldGen       total 161280K, used 98079K [0x00000000a0000000, 0x00000000a9d80000, 0x00000000e0000000)
  object space 161280K, 60% used [0x00000000a0000000,0x00000000a5fc7d70,0x00000000a9d80000)
 Metaspace       used 93327K, capacity 97544K, committed 98264K, reserved 1134592K
  class space    used 11807K, capacity 12670K, committed 12800K, reserved 1048576K
}
Event: 1610.246 GC heap before
{Heap before GC invocations=28 (full 4):
 PSYoungGen      total 400896K, used 346548K [0x00000000e0000000, 0x00000000fbc00000, 0x0000000100000000)
  eden space 347136K, 99% used [0x00000000e0000000,0x00000000f526d0a8,0x00000000f5300000)
  from space 53760K, 0% used [0x00000000f5300000,0x00000000f5300000,0x00000000f8780000)
  to   space 47616K, 0% used [0x00000000f8d80000,0x00000000f8d80000,0x00000000fbc00000)
 ParOldGen       total 161280K, used 98079K [0x00000000a0000000, 0x00000000a9d80000, 0x00000000e0000000)
  object space 161280K, 60% used [0x00000000a0000000,0x00000000a5fc7d70,0x00000000a9d80000)
 Metaspace       used 93459K, capacity 97654K, committed 98264K, reserved 1134592K
  class space    used 11814K, capacity 12679K, committed 12800K, reserved 1048576K
Event: 1610.251 GC heap after
Heap after GC invocations=28 (full 4):
 PSYoungGen      total 394752K, used 6119K [0x00000000e0000000, 0x00000000fbc00000, 0x0000000100000000)
  eden space 347136K, 0% used [0x00000000e0000000,0x00000000e0000000,0x00000000f5300000)
  from space 47616K, 12% used [0x00000000f8d80000,0x00000000f9379dd8,0x00000000fbc00000)
  to   space 53760K, 0% used [0x00000000f5300000,0x00000000f5300000,0x00000000f8780000)
 ParOldGen       total 161280K, used 98087K [0x00000000a0000000, 0x00000000a9d80000, 0x00000000e0000000)
  object space 161280K, 60% used [0x00000000a0000000,0x00000000a5fc9d70,0x00000000a9d80000)
 Metaspace       used 93459K, capacity 97654K, committed 98264K, reserved 1134592K
  class space    used 11814K, capacity 12679K, committed 12800K, reserved 1048576K
}

Deoptimization events (10 events):
Event: 2442.781 Thread 0x0000000022470800 Uncommon trap: reason=class_check action=maybe_recompile pc=0x000000000748b93c method=java.util.Collections$UnmodifiableMap$UnmodifiableEntrySet$UnmodifiableEntry.<init>(Ljava/util/Map$Entry;)V @ 9
Event: 2442.781 Thread 0x0000000022470800 Uncommon trap: reason=class_check action=maybe_recompile pc=0x000000000748b93c method=java.util.Collections$UnmodifiableMap$UnmodifiableEntrySet$UnmodifiableEntry.<init>(Ljava/util/Map$Entry;)V @ 9
Event: 2442.789 Thread 0x0000000022470800 Uncommon trap: reason=array_check action=maybe_recompile pc=0x0000000006ea5190 method=com.google.common.collect.ImmutableSet.construct(I[Ljava/lang/Object;)Lcom/google/common/collect/ImmutableSet; @ 122
Event: 2442.789 Thread 0x0000000022470800 Uncommon trap: reason=array_check action=maybe_recompile pc=0x0000000006ea5190 method=com.google.common.collect.ImmutableSet.construct(I[Ljava/lang/Object;)Lcom/google/common/collect/ImmutableSet; @ 122
Event: 2442.789 Thread 0x0000000022470800 Uncommon trap: reason=array_check action=maybe_recompile pc=0x0000000006ea5190 method=com.google.common.collect.ImmutableSet.construct(I[Ljava/lang/Object;)Lcom/google/common/collect/ImmutableSet; @ 122
Event: 2442.789 Thread 0x0000000022470800 Uncommon trap: reason=array_check action=maybe_recompile pc=0x0000000006ea5190 method=com.google.common.collect.ImmutableSet.construct(I[Ljava/lang/Object;)Lcom/google/common/collect/ImmutableSet; @ 122
Event: 2442.823 Thread 0x0000000022470800 Uncommon trap: reason=bimorphic action=maybe_recompile pc=0x0000000006855a08 method=com.google.common.io.ByteStreams.copy(Ljava/io/InputStream;Ljava/io/OutputStream;)J @ 39
Event: 2443.002 Thread 0x0000000022470800 Uncommon trap: reason=bimorphic action=maybe_recompile pc=0x0000000006855a08 method=com.google.common.io.ByteStreams.copy(Ljava/io/InputStream;Ljava/io/OutputStream;)J @ 39
Event: 2443.025 Thread 0x0000000022470800 Uncommon trap: reason=array_check action=maybe_recompile pc=0x0000000006cfde58 method=java.util.ComparableTimSort.reverseRange([Ljava/lang/Object;II)V @ 27
Event: 2443.028 Thread 0x0000000022470800 Uncommon trap: reason=array_check action=maybe_recompile pc=0x0000000006cfde58 method=java.util.ComparableTimSort.reverseRange([Ljava/lang/Object;II)V @ 27

Classes redefined (0 events):
No events

Internal exceptions (10 events):
Event: 1610.410 Thread 0x0000000021f01000 Implicit null exception at 0x00000000055985dc to 0x0000000005598b6d
Event: 1610.413 Thread 0x0000000021f01000 Implicit null exception at 0x0000000004d59480 to 0x0000000004d598ed
Event: 1610.541 Thread 0x0000000021f01000 Exception <a 'sun/nio/fs/WindowsException'> (0x00000000ea592a28) thrown at [D:\src\AOSP-openjdk-cygwin\jdk8u\hotspot\src\share\vm\prims\jni.cpp, line 709]
Event: 1610.661 Thread 0x0000000021f02800 Exception <a 'java/lang/NoSuchMethodError': <clinit>> (0x00000000eaba1998) thrown at [D:\src\AOSP-openjdk-cygwin\jdk8u\hotspot\src\share\vm\prims\jni.cpp, line 1613]
Event: 1610.661 Thread 0x0000000021f02800 Exception <a 'java/lang/NoSuchMethodError': <clinit>> (0x00000000eabac240) thrown at [D:\src\AOSP-openjdk-cygwin\jdk8u\hotspot\src\share\vm\prims\jni.cpp, line 1613]
Event: 1610.662 Thread 0x0000000021f02800 Exception <a 'java/lang/NoSuchMethodError': <clinit>> (0x00000000eabb7648) thrown at [D:\src\AOSP-openjdk-cygwin\jdk8u\hotspot\src\share\vm\prims\jni.cpp, line 1613]
Event: 1610.662 Thread 0x0000000021f02800 Exception <a 'java/lang/NoSuchMethodError': <clinit>> (0x00000000eabcc9b8) thrown at [D:\src\AOSP-openjdk-cygwin\jdk8u\hotspot\src\share\vm\prims\jni.cpp, line 1613]
Event: 1610.663 Thread 0x0000000021f02800 Exception <a 'java/lang/NoSuchMethodError': <clinit>> (0x00000000eabdf8b8) thrown at [D:\src\AOSP-openjdk-cygwin\jdk8u\hotspot\src\share\vm\prims\jni.cpp, line 1613]
Event: 2443.026 Thread 0x0000000022470800 Exception <a 'java/lang/ClassNotFoundException': sync_local_repo270_6kc40t2b9n1dk2q3j1jikqkpxBeanInfo> (0x00000000eb9619a0) thrown at [D:\src\AOSP-openjdk-cygwin\jdk8u\hotspot\src\share\vm\classfile\systemDictionary.cpp, line 210]
Event: 2443.026 Thread 0x0000000022470800 Exception <a 'java/lang/ClassNotFoundException': sync_local_repo270_6kc40t2b9n1dk2q3j1jikqkpxCustomizer> (0x00000000eb96bf70) thrown at [D:\src\AOSP-openjdk-cygwin\jdk8u\hotspot\src\share\vm\classfile\systemDictionary.cpp, line 210]

Events (10 events):
Event: 2443.034 loading class groovy/runtime/metaclass/sync_local_repo270_6kc40t2b9n1dk2q3j1jikqkpx$_run_closure1$_closure2MetaClass done
Event: 2443.035 loading class groovy/runtime/metaclass/sync_local_repo270_6kc40t2b9n1dk2q3j1jikqkpx$_run_closure1$_closure2$_closure4MetaClass
Event: 2443.035 loading class groovy/runtime/metaclass/sync_local_repo270_6kc40t2b9n1dk2q3j1jikqkpx$_run_closure1$_closure2$_closure4MetaClass done
Event: 2443.036 loading class groovy/runtime/metaclass/sync_local_repo270_6kc40t2b9n1dk2q3j1jikqkpx$_run_closure1$_closure2$_closure4$_closure5MetaClass
Event: 2443.036 loading class groovy/runtime/metaclass/sync_local_repo270_6kc40t2b9n1dk2q3j1jikqkpx$_run_closure1$_closure2$_closure4$_closure5MetaClass done
Event: 2443.037 loading class groovy/runtime/metaclass/sync_local_repo270_6kc40t2b9n1dk2q3j1jikqkpx$_run_closure1$_closure3MetaClass
Event: 2443.037 loading class groovy/runtime/metaclass/sync_local_repo270_6kc40t2b9n1dk2q3j1jikqkpx$_run_closure1$_closure3MetaClass done
Event: 2443.038 loading class groovy/runtime/metaclass/sync_local_repo270_6kc40t2b9n1dk2q3j1jikqkpx$_run_closure1$_closure3$_closure6MetaClass
Event: 2443.038 loading class groovy/runtime/metaclass/sync_local_repo270_6kc40t2b9n1dk2q3j1jikqkpx$_run_closure1$_closure3$_closure6MetaClass done
Event: 2443.043 Thread 0x0000000022476800 Thread added: 0x0000000022476800


Dynamic libraries:
0x00007ff623f80000 - 0x00007ff623fb1000 	C:\Program Files\Android\Android Studio\jre\bin\java.exe
0x00007ffb56040000 - 0x00007ffb56220000 	C:\WINDOWS\SYSTEM32\ntdll.dll
0x00007ffb53570000 - 0x00007ffb5361e000 	C:\WINDOWS\System32\KERNEL32.DLL
0x00007ffb52530000 - 0x00007ffb52796000 	C:\WINDOWS\System32\KERNELBASE.dll
0x00007ffb53b20000 - 0x00007ffb53bc1000 	C:\WINDOWS\System32\ADVAPI32.dll
0x00007ffb53a80000 - 0x00007ffb53b1d000 	C:\WINDOWS\System32\msvcrt.dll
0x00007ffb54860000 - 0x00007ffb548bb000 	C:\WINDOWS\System32\sechost.dll
0x00007ffb541c0000 - 0x00007ffb542df000 	C:\WINDOWS\System32\RPCRT4.dll
0x00007ffb538f0000 - 0x00007ffb53a7f000 	C:\WINDOWS\System32\USER32.dll
0x00007ffb52490000 - 0x00007ffb524b0000 	C:\WINDOWS\System32\win32u.dll
0x00007ffb546d0000 - 0x00007ffb546f8000 	C:\WINDOWS\System32\GDI32.dll
0x00007ffb527a0000 - 0x00007ffb52933000 	C:\WINDOWS\System32\gdi32full.dll
0x00007ffb52bc0000 - 0x00007ffb52c5b000 	C:\WINDOWS\System32\msvcp_win.dll
0x00007ffb52c60000 - 0x00007ffb52d56000 	C:\WINDOWS\System32\ucrtbase.dll
0x00007ffb37350000 - 0x00007ffb375b9000 	C:\WINDOWS\WinSxS\amd64_microsoft.windows.common-controls_6595b64144ccf1df_6.0.16299.125_none_15cbcf8893620c09\COMCTL32.dll
0x00007ffb548c0000 - 0x00007ffb54bc8000 	C:\WINDOWS\System32\combase.dll
0x00007ffb524b0000 - 0x00007ffb52522000 	C:\WINDOWS\System32\bcryptPrimitives.dll
0x00007ffb53620000 - 0x00007ffb5364d000 	C:\WINDOWS\System32\IMM32.DLL
0x0000000068780000 - 0x0000000068852000 	C:\Program Files\Android\Android Studio\jre\jre\bin\msvcr100.dll
0x0000000068860000 - 0x000000006909e000 	C:\Program Files\Android\Android Studio\jre\jre\bin\server\jvm.dll
0x00007ffb53650000 - 0x00007ffb53658000 	C:\WINDOWS\System32\PSAPI.DLL
0x00007ffb3f600000 - 0x00007ffb3f609000 	C:\WINDOWS\SYSTEM32\WSOCK32.dll
0x00007ffb4ceb0000 - 0x00007ffb4ced3000 	C:\WINDOWS\SYSTEM32\WINMM.dll
0x00007ffb45150000 - 0x00007ffb4515a000 	C:\WINDOWS\SYSTEM32\VERSION.dll
0x00007ffb544f0000 - 0x00007ffb5455c000 	C:\WINDOWS\System32\WS2_32.dll
0x00007ffb4ce40000 - 0x00007ffb4ce6a000 	C:\WINDOWS\SYSTEM32\winmmbase.dll
0x00007ffb52440000 - 0x00007ffb5248a000 	C:\WINDOWS\System32\cfgmgr32.dll
0x00007ffb4eb80000 - 0x00007ffb4eb8f000 	C:\Program Files\Android\Android Studio\jre\jre\bin\verify.dll
0x00007ffb48de0000 - 0x00007ffb48e09000 	C:\Program Files\Android\Android Studio\jre\jre\bin\java.dll
0x00007ffb4df70000 - 0x00007ffb4df86000 	C:\Program Files\Android\Android Studio\jre\jre\bin\zip.dll
0x00007ffb54bd0000 - 0x00007ffb56006000 	C:\WINDOWS\System32\SHELL32.dll
0x00007ffb53840000 - 0x00007ffb538e6000 	C:\WINDOWS\System32\shcore.dll
0x00007ffb52dc0000 - 0x00007ffb53507000 	C:\WINDOWS\System32\windows.storage.dll
0x00007ffb543f0000 - 0x00007ffb54441000 	C:\WINDOWS\System32\shlwapi.dll
0x00007ffb52420000 - 0x00007ffb52431000 	C:\WINDOWS\System32\kernel.appcore.dll
0x00007ffb523b0000 - 0x00007ffb523fc000 	C:\WINDOWS\System32\powrprof.dll
0x00007ffb52400000 - 0x00007ffb5241b000 	C:\WINDOWS\System32\profapi.dll
0x00007ffb48ef0000 - 0x00007ffb48f0a000 	C:\Program Files\Android\Android Studio\jre\jre\bin\net.dll
0x00007ffb51c20000 - 0x00007ffb51c86000 	C:\WINDOWS\system32\mswsock.dll
0x00007ffb47eb0000 - 0x00007ffb47ec1000 	C:\Program Files\Android\Android Studio\jre\jre\bin\nio.dll
0x00007ffb467b0000 - 0x00007ffb467ce000 	D:\systems\.gradle\native\25\windows-amd64\native-platform.dll
0x00007ffb4d460000 - 0x00007ffb4d46d000 	C:\Program Files\Android\Android Studio\jre\jre\bin\management.dll
0x00007ffb51de0000 - 0x00007ffb51df7000 	C:\WINDOWS\SYSTEM32\CRYPTSP.dll
0x00007ffb517d0000 - 0x00007ffb51803000 	C:\WINDOWS\system32\rsaenh.dll
0x00007ffb51ef0000 - 0x00007ffb51f15000 	C:\WINDOWS\SYSTEM32\bcrypt.dll
0x00007ffb52290000 - 0x00007ffb522b9000 	C:\WINDOWS\SYSTEM32\USERENV.dll
0x00007ffb51e00000 - 0x00007ffb51e0b000 	C:\WINDOWS\SYSTEM32\CRYPTBASE.dll
0x00007ffb51950000 - 0x00007ffb51989000 	C:\WINDOWS\SYSTEM32\IPHLPAPI.DLL
0x00007ffb53660000 - 0x00007ffb53668000 	C:\WINDOWS\System32\NSI.dll
0x00007ffb4bd80000 - 0x00007ffb4bd96000 	C:\WINDOWS\SYSTEM32\dhcpcsvc6.DLL
0x00007ffb4bd60000 - 0x00007ffb4bd7a000 	C:\WINDOWS\SYSTEM32\dhcpcsvc.DLL
0x00007ffb46670000 - 0x00007ffb4668e000 	C:\Users\5835512068\AppData\Local\Temp\native-platform1815426873041723674dir\native-platform.dll
0x00007ffb514d0000 - 0x00007ffb51501000 	C:\WINDOWS\SYSTEM32\ntmarta.dll

VM Arguments:
jvm_args: -Xmx1536m -Dfile.encoding=x-windows-874 -Duser.country=US -Duser.language=en -Duser.variant 
java_command: org.gradle.launcher.daemon.bootstrap.GradleDaemon 4.1
java_class_path (initial): D:\systems\.gradle\wrapper\dists\gradle-4.1-all\bzyivzo6n839fup2jbap0tjew\gradle-4.1\lib\gradle-launcher-4.1.jar
Launcher Type: SUN_STANDARD

Environment Variables:
JAVA_HOME=C:\Program Files\Java\jdk1.8.0_144
PATH=C:\Python3\;C:\Python3\Scripts;C:\WinAVR-20100110\bin;C:\WinAVR-20100110\utils\bin;C:\ProgramData\Oracle\Java\javapath;C:\WINDOWS\system32;C:\WINDOWS;C:\WINDOWS\System32\Wbem;C:\WINDOWS\System32\WindowsPowerShell\v1.0\;C:\Program Files\MATLAB\R2014a\runtime\win64;C:\Program Files\MATLAB\R2014a\bin;C:\Program Files\MATLAB\R2014a\polyspace\bin;C:\Program Files (x86)\Microsoft SQL Server\100\Tools\Binn\;C:\Program Files\Microsoft SQL Server\100\Tools\Binn\;C:\Program Files\Microsoft SQL Server\100\DTS\Binn\;C:\Program Files\Java\jdk1.8.0_144\bin;C:\Program Files (x86)\VideoLAN\VLC;C:\cygwin64\bin;C:\Program Files\node;C:\Program Files\node\node_modules\npm\bin;C:\Program Files\Git\cmd;C:\Program Files\Docker Toolbox;C:\Program Files\nodejs\;C:\Users\%USERSNAME%\AppData\Roaming\npm;C:\Users\5835512068\AppData\Local\Microsoft\WindowsApps;
USERNAME=5835512068
OS=Windows_NT
PROCESSOR_IDENTIFIER=Intel64 Family 6 Model 60 Stepping 3, GenuineIntel



---------------  S Y S T E M  ---------------

OS: Windows 10.0 , 64 bit Build 16299 (10.0.16299.15)

CPU:total 8 (initial active 8) (4 cores per cpu, 2 threads per core) family 6 model 60 stepping 3, cmov, cx8, fxsr, mmx, sse, sse2, sse3, ssse3, sse4.1, sse4.2, popcnt, avx, avx2, clmul, erms, lzcnt, ht, tsc, tscinvbit, bmi1, bmi2

Memory: 4k page, physical 8261332k(1291400k free), swap 8261332k(4248k free)

vm_info: OpenJDK 64-Bit Server VM (25.152-b01) for windows-amd64 JRE (1.8.0_152-release-915-b01), built by "builder" with MS VC++ 10.0 (VS2010)

time: Fri Feb 02 11:03:54 2018
elapsed time: 2443 seconds (0d 0h 40m 43s)

